<?xml version="1.0" encoding="UTF-8"?>
<testsuite name="com.dodam.hotel.service.ManagerReservationServiceTest" tests="1" skipped="0" failures="0" errors="0" timestamp="2023-05-18T05:02:58" hostname="ihyeonseoui-MacBookAir.local" time="0.338">
  <properties/>
  <testcase name="updateReservation()" classname="com.dodam.hotel.service.ManagerReservationServiceTest" time="0.338"/>
  <system-out><![CDATA[14:02:50.323 [Test worker] DEBUG org.springframework.test.context.BootstrapUtils - Instantiating CacheAwareContextLoaderDelegate from class [org.springframework.test.context.cache.DefaultCacheAwareContextLoaderDelegate]
14:02:50.335 [Test worker] DEBUG org.springframework.test.context.BootstrapUtils - Instantiating BootstrapContext using constructor [public org.springframework.test.context.support.DefaultBootstrapContext(java.lang.Class,org.springframework.test.context.CacheAwareContextLoaderDelegate)]
14:02:50.381 [Test worker] DEBUG org.springframework.test.context.BootstrapUtils - Instantiating TestContextBootstrapper for test class [com.dodam.hotel.service.ManagerReservationServiceTest] from class [org.springframework.boot.test.context.SpringBootTestContextBootstrapper]
14:02:50.396 [Test worker] INFO org.springframework.boot.test.context.SpringBootTestContextBootstrapper - Neither @ContextConfiguration nor @ContextHierarchy found for test class [com.dodam.hotel.service.ManagerReservationServiceTest], using SpringBootContextLoader
14:02:50.400 [Test worker] DEBUG org.springframework.test.context.support.AbstractContextLoader - Did not detect default resource location for test class [com.dodam.hotel.service.ManagerReservationServiceTest]: class path resource [com/dodam/hotel/service/ManagerReservationServiceTest-context.xml] does not exist
14:02:50.401 [Test worker] DEBUG org.springframework.test.context.support.AbstractContextLoader - Did not detect default resource location for test class [com.dodam.hotel.service.ManagerReservationServiceTest]: class path resource [com/dodam/hotel/service/ManagerReservationServiceTestContext.groovy] does not exist
14:02:50.401 [Test worker] INFO org.springframework.test.context.support.AbstractContextLoader - Could not detect default resource locations for test class [com.dodam.hotel.service.ManagerReservationServiceTest]: no resource found for suffixes {-context.xml, Context.groovy}.
14:02:50.402 [Test worker] INFO org.springframework.test.context.support.AnnotationConfigContextLoaderUtils - Could not detect default configuration classes for test class [com.dodam.hotel.service.ManagerReservationServiceTest]: ManagerReservationServiceTest does not declare any static, non-private, non-final, nested classes annotated with @Configuration.
14:02:50.456 [Test worker] DEBUG org.springframework.test.context.support.ActiveProfilesUtils - Could not find an 'annotation declaring class' for annotation type [org.springframework.test.context.ActiveProfiles] and class [com.dodam.hotel.service.ManagerReservationServiceTest]
14:02:50.555 [Test worker] DEBUG org.springframework.context.annotation.ClassPathScanningCandidateComponentProvider - Identified candidate component class: file [/Users/ihyeonseo/Documents/hotel/build/classes/java/main/com/dodam/hotel/HotelApplication.class]
14:02:50.558 [Test worker] INFO org.springframework.boot.test.context.SpringBootTestContextBootstrapper - Found @SpringBootConfiguration com.dodam.hotel.HotelApplication for test class com.dodam.hotel.service.ManagerReservationServiceTest
14:02:50.723 [Test worker] DEBUG org.springframework.boot.test.context.SpringBootTestContextBootstrapper - @TestExecutionListeners is not present for class [com.dodam.hotel.service.ManagerReservationServiceTest]: using defaults.
14:02:50.726 [Test worker] INFO org.springframework.boot.test.context.SpringBootTestContextBootstrapper - Loaded default TestExecutionListener class names from location [META-INF/spring.factories]: [org.springframework.boot.test.autoconfigure.restdocs.RestDocsTestExecutionListener, org.springframework.boot.test.autoconfigure.web.client.MockRestServiceServerResetTestExecutionListener, org.springframework.boot.test.autoconfigure.web.servlet.MockMvcPrintOnlyOnFailureTestExecutionListener, org.springframework.boot.test.autoconfigure.web.servlet.WebDriverTestExecutionListener, org.springframework.boot.test.autoconfigure.webservices.client.MockWebServiceServerTestExecutionListener, org.springframework.boot.test.mock.mockito.MockitoTestExecutionListener, org.springframework.boot.test.mock.mockito.ResetMocksTestExecutionListener, org.springframework.test.context.web.ServletTestExecutionListener, org.springframework.test.context.support.DirtiesContextBeforeModesTestExecutionListener, org.springframework.test.context.event.ApplicationEventsTestExecutionListener, org.springframework.test.context.support.DependencyInjectionTestExecutionListener, org.springframework.test.context.support.DirtiesContextTestExecutionListener, org.springframework.test.context.transaction.TransactionalTestExecutionListener, org.springframework.test.context.jdbc.SqlScriptsTestExecutionListener, org.springframework.test.context.event.EventPublishingTestExecutionListener]
14:02:50.745 [Test worker] INFO org.springframework.boot.test.context.SpringBootTestContextBootstrapper - Using TestExecutionListeners: [org.springframework.test.context.web.ServletTestExecutionListener@106faf11, org.springframework.test.context.support.DirtiesContextBeforeModesTestExecutionListener@70f43b45, org.springframework.test.context.event.ApplicationEventsTestExecutionListener@26d10f2e, org.springframework.boot.test.mock.mockito.MockitoTestExecutionListener@10ad20cb, org.springframework.boot.test.autoconfigure.SpringBootDependencyInjectionTestExecutionListener@7dd712e8, org.springframework.test.context.support.DirtiesContextTestExecutionListener@2c282004, org.springframework.test.context.transaction.TransactionalTestExecutionListener@22ee2d0, org.springframework.test.context.jdbc.SqlScriptsTestExecutionListener@7bfc3126, org.springframework.test.context.event.EventPublishingTestExecutionListener@3e792ce3, org.springframework.boot.test.autoconfigure.restdocs.RestDocsTestExecutionListener@53bc1328, org.springframework.boot.test.autoconfigure.web.client.MockRestServiceServerResetTestExecutionListener@26f143ed, org.springframework.boot.test.autoconfigure.web.servlet.MockMvcPrintOnlyOnFailureTestExecutionListener@3c1e3314, org.springframework.boot.test.autoconfigure.web.servlet.WebDriverTestExecutionListener@4b770e40, org.springframework.boot.test.autoconfigure.webservices.client.MockWebServiceServerTestExecutionListener@78e16155, org.springframework.boot.test.mock.mockito.ResetMocksTestExecutionListener@54a3ab8f]
14:02:50.749 [Test worker] DEBUG org.springframework.test.context.support.AbstractDirtiesContextTestExecutionListener - Before test class: context [DefaultTestContext@63a5e46c testClass = ManagerReservationServiceTest, testInstance = [null], testMethod = [null], testException = [null], mergedContextConfiguration = [WebMergedContextConfiguration@7e8e8651 testClass = ManagerReservationServiceTest, locations = '{}', classes = '{class com.dodam.hotel.HotelApplication}', contextInitializerClasses = '[]', activeProfiles = '{}', propertySourceLocations = '{}', propertySourceProperties = '{org.springframework.boot.test.context.SpringBootTestContextBootstrapper=true}', contextCustomizers = set[org.springframework.boot.test.autoconfigure.actuate.metrics.MetricsExportContextCustomizerFactory$DisableMetricExportContextCustomizer@18230356, org.springframework.boot.test.autoconfigure.properties.PropertyMappingContextCustomizer@0, org.springframework.boot.test.autoconfigure.web.servlet.WebDriverContextCustomizerFactory$Customizer@12bcd0c0, org.springframework.boot.test.context.filter.ExcludeFilterContextCustomizer@4678a2eb, org.springframework.boot.test.json.DuplicateJsonObjectContextCustomizerFactory$DuplicateJsonObjectContextCustomizer@1fdfafd2, org.springframework.boot.test.mock.mockito.MockitoContextCustomizer@0, org.springframework.boot.test.web.client.TestRestTemplateContextCustomizer@66ce957f, org.springframework.boot.test.web.reactive.server.WebTestClientContextCustomizer@3b220bcb, org.springframework.boot.test.context.SpringBootTestArgs@1, org.springframework.boot.test.context.SpringBootTestWebEnvironment@4bbf6d0e], resourceBasePath = 'src/main/webapp', contextLoader = 'org.springframework.boot.test.context.SpringBootContextLoader', parent = [null]], attributes = map['org.springframework.test.context.web.ServletTestExecutionListener.activateListener' -> true]], class annotated with @DirtiesContext [false] with mode [null].

  .   ____          _            __ _ _
 /\\ / ___'_ __ _ _(_)_ __  __ _ \ \ \ \
( ( )\___ | '_ | '_| | '_ \/ _` | \ \ \ \
 \\/  ___)| |_)| | | | | || (_| |  ) ) ) )
  '  |____| .__|_| |_|_| |_\__, | / / / /
 =========|_|==============|___/=/_/_/_/
 :: Spring Boot ::               (v2.7.11)

2023-05-18 14:02:51.473  INFO 28406 --- [    Test worker] c.d.h.s.ManagerReservationServiceTest    : Starting ManagerReservationServiceTest using Java 11.0.11 on ihyeonseoui-MacBookAir.local with PID 28406 (started by ihyeonseo in /Users/ihyeonseo/Documents/hotel)
2023-05-18 14:02:51.476  INFO 28406 --- [    Test worker] c.d.h.s.ManagerReservationServiceTest    : No active profile set, falling back to 1 default profile: "default"
2023-05-18 14:02:53.013  INFO 28406 --- [    Test worker] .s.d.r.c.RepositoryConfigurationDelegate : Bootstrapping Spring Data JPA repositories in DEFAULT mode.
2023-05-18 14:02:53.037  INFO 28406 --- [    Test worker] .s.d.r.c.RepositoryConfigurationDelegate : Finished Spring Data repository scanning in 16 ms. Found 0 JPA repository interfaces.
2023-05-18 14:02:54.247  INFO 28406 --- [    Test worker] o.hibernate.jpa.internal.util.LogHelper  : HHH000204: Processing PersistenceUnitInfo [name: default]
2023-05-18 14:02:54.295  INFO 28406 --- [    Test worker] org.hibernate.Version                    : HHH000412: Hibernate ORM core version 5.6.15.Final
2023-05-18 14:02:54.506  INFO 28406 --- [    Test worker] o.hibernate.annotations.common.Version   : HCANN000001: Hibernate Commons Annotations {5.1.2.Final}
2023-05-18 14:02:54.606  INFO 28406 --- [    Test worker] com.zaxxer.hikari.HikariDataSource       : HikariPool-1 - Starting...
2023-05-18 14:02:54.827  INFO 28406 --- [    Test worker] com.zaxxer.hikari.HikariDataSource       : HikariPool-1 - Start completed.
2023-05-18 14:02:54.842  INFO 28406 --- [    Test worker] org.hibernate.dialect.Dialect            : HHH000400: Using dialect: org.hibernate.dialect.MySQL57Dialect
2023-05-18 14:02:55.235  INFO 28406 --- [    Test worker] o.h.e.t.j.p.i.JtaPlatformInitiator       : HHH000490: Using JtaPlatform implementation: [org.hibernate.engine.transaction.jta.platform.internal.NoJtaPlatform]
2023-05-18 14:02:55.248  INFO 28406 --- [    Test worker] j.LocalContainerEntityManagerFactoryBean : Initialized JPA EntityManagerFactory for persistence unit 'default'
2023-05-18 14:02:58.683  INFO 28406 --- [    Test worker] c.d.h.s.ManagerReservationServiceTest    : Started ManagerReservationServiceTest in 7.869 seconds (JVM running for 9.57)
2023-05-18
]]></system-out>
  <system-err><![CDATA[]]></system-err>
</testsuite>
