<?xml version="1.0" encoding="UTF-8"?>
<testsuite name="com.dodam.hotel.repository.FAQRepositoryTest" tests="1" skipped="0" failures="0" errors="0" timestamp="2023-05-16T05:12:11" hostname="ihyeonseoui-MacBookAir.local" time="0.719">
  <properties/>
  <testcase name="testUpdateFAQ()" classname="com.dodam.hotel.repository.FAQRepositoryTest" time="0.719"/>
  <system-out><![CDATA[14:12:07.527 [Test worker] DEBUG org.springframework.test.context.BootstrapUtils - Instantiating CacheAwareContextLoaderDelegate from class [org.springframework.test.context.cache.DefaultCacheAwareContextLoaderDelegate]
14:12:07.540 [Test worker] DEBUG org.springframework.test.context.BootstrapUtils - Instantiating BootstrapContext using constructor [public org.springframework.test.context.support.DefaultBootstrapContext(java.lang.Class,org.springframework.test.context.CacheAwareContextLoaderDelegate)]
14:12:07.619 [Test worker] DEBUG org.springframework.test.context.BootstrapUtils - Instantiating TestContextBootstrapper for test class [com.dodam.hotel.repository.FAQRepositoryTest] from class [org.mybatis.spring.boot.test.autoconfigure.MybatisTestContextBootstrapper]
14:12:07.644 [Test worker] INFO org.mybatis.spring.boot.test.autoconfigure.MybatisTestContextBootstrapper - Neither @ContextConfiguration nor @ContextHierarchy found for test class [com.dodam.hotel.repository.FAQRepositoryTest], using SpringBootContextLoader
14:12:07.655 [Test worker] DEBUG org.springframework.test.context.support.AbstractContextLoader - Did not detect default resource location for test class [com.dodam.hotel.repository.FAQRepositoryTest]: class path resource [com/dodam/hotel/repository/FAQRepositoryTest-context.xml] does not exist
14:12:07.655 [Test worker] DEBUG org.springframework.test.context.support.AbstractContextLoader - Did not detect default resource location for test class [com.dodam.hotel.repository.FAQRepositoryTest]: class path resource [com/dodam/hotel/repository/FAQRepositoryTestContext.groovy] does not exist
14:12:07.656 [Test worker] INFO org.springframework.test.context.support.AbstractContextLoader - Could not detect default resource locations for test class [com.dodam.hotel.repository.FAQRepositoryTest]: no resource found for suffixes {-context.xml, Context.groovy}.
14:12:07.657 [Test worker] INFO org.springframework.test.context.support.AnnotationConfigContextLoaderUtils - Could not detect default configuration classes for test class [com.dodam.hotel.repository.FAQRepositoryTest]: FAQRepositoryTest does not declare any static, non-private, non-final, nested classes annotated with @Configuration.
14:12:07.863 [Test worker] DEBUG org.springframework.test.context.support.ActiveProfilesUtils - Could not find an 'annotation declaring class' for annotation type [org.springframework.test.context.ActiveProfiles] and class [com.dodam.hotel.repository.FAQRepositoryTest]
14:12:07.967 [Test worker] DEBUG org.springframework.context.annotation.ClassPathScanningCandidateComponentProvider - Identified candidate component class: file [/Users/ihyeonseo/Documents/hotel/build/classes/java/main/com/dodam/hotel/HotelApplication.class]
14:12:07.970 [Test worker] INFO org.springframework.boot.test.context.SpringBootTestContextBootstrapper - Found @SpringBootConfiguration com.dodam.hotel.HotelApplication for test class com.dodam.hotel.repository.FAQRepositoryTest
14:12:07.986 [Test worker] DEBUG org.mybatis.spring.boot.test.autoconfigure.MybatisTestContextBootstrapper - @TestExecutionListeners is not present for class [com.dodam.hotel.repository.FAQRepositoryTest]: using defaults.
14:12:07.988 [Test worker] INFO org.mybatis.spring.boot.test.autoconfigure.MybatisTestContextBootstrapper - Loaded default TestExecutionListener class names from location [META-INF/spring.factories]: [org.springframework.boot.test.autoconfigure.restdocs.RestDocsTestExecutionListener, org.springframework.boot.test.autoconfigure.web.client.MockRestServiceServerResetTestExecutionListener, org.springframework.boot.test.autoconfigure.web.servlet.MockMvcPrintOnlyOnFailureTestExecutionListener, org.springframework.boot.test.autoconfigure.web.servlet.WebDriverTestExecutionListener, org.springframework.boot.test.autoconfigure.webservices.client.MockWebServiceServerTestExecutionListener, org.springframework.boot.test.mock.mockito.MockitoTestExecutionListener, org.springframework.boot.test.mock.mockito.ResetMocksTestExecutionListener, org.springframework.test.context.web.ServletTestExecutionListener, org.springframework.test.context.support.DirtiesContextBeforeModesTestExecutionListener, org.springframework.test.context.event.ApplicationEventsTestExecutionListener, org.springframework.test.context.support.DependencyInjectionTestExecutionListener, org.springframework.test.context.support.DirtiesContextTestExecutionListener, org.springframework.test.context.transaction.TransactionalTestExecutionListener, org.springframework.test.context.jdbc.SqlScriptsTestExecutionListener, org.springframework.test.context.event.EventPublishingTestExecutionListener]
14:12:08.018 [Test worker] INFO org.mybatis.spring.boot.test.autoconfigure.MybatisTestContextBootstrapper - Using TestExecutionListeners: [org.springframework.test.context.web.ServletTestExecutionListener@3591009c, org.springframework.test.context.support.DirtiesContextBeforeModesTestExecutionListener@5398edd0, org.springframework.test.context.event.ApplicationEventsTestExecutionListener@b5cc23a, org.springframework.boot.test.mock.mockito.MockitoTestExecutionListener@5cc5b667, org.springframework.boot.test.autoconfigure.SpringBootDependencyInjectionTestExecutionListener@61edc883, org.springframework.test.context.support.DirtiesContextTestExecutionListener@758f4f03, org.springframework.test.context.transaction.TransactionalTestExecutionListener@182f1e9a, org.springframework.test.context.jdbc.SqlScriptsTestExecutionListener@6928f576, org.springframework.test.context.event.EventPublishingTestExecutionListener@660e9100, org.springframework.boot.test.autoconfigure.restdocs.RestDocsTestExecutionListener@69f63d95, org.springframework.boot.test.autoconfigure.web.client.MockRestServiceServerResetTestExecutionListener@9cd25ff, org.springframework.boot.test.autoconfigure.web.servlet.MockMvcPrintOnlyOnFailureTestExecutionListener@27e0f2f5, org.springframework.boot.test.autoconfigure.web.servlet.WebDriverTestExecutionListener@3574e198, org.springframework.boot.test.autoconfigure.webservices.client.MockWebServiceServerTestExecutionListener@6db66836, org.springframework.boot.test.mock.mockito.ResetMocksTestExecutionListener@db44aa2]
14:12:08.031 [Test worker] DEBUG org.springframework.test.context.support.AbstractDirtiesContextTestExecutionListener - Before test class: context [DefaultTestContext@544630b7 testClass = FAQRepositoryTest, testInstance = [null], testMethod = [null], testException = [null], mergedContextConfiguration = [MergedContextConfiguration@64f857e7 testClass = FAQRepositoryTest, locations = '{}', classes = '{class com.dodam.hotel.HotelApplication}', contextInitializerClasses = '[]', activeProfiles = '{}', propertySourceLocations = '{}', propertySourceProperties = '{org.mybatis.spring.boot.test.autoconfigure.MybatisTestContextBootstrapper=true}', contextCustomizers = set[org.springframework.boot.test.autoconfigure.OverrideAutoConfigurationContextCustomizerFactory$DisableAutoConfigurationContextCustomizer@38be305c, org.springframework.boot.test.autoconfigure.actuate.metrics.MetricsExportContextCustomizerFactory$DisableMetricExportContextCustomizer@275fe372, org.springframework.boot.test.autoconfigure.filter.TypeExcludeFiltersContextCustomizer@351584c0, org.springframework.boot.test.autoconfigure.properties.PropertyMappingContextCustomizer@9676fce4, org.springframework.boot.test.autoconfigure.web.servlet.WebDriverContextCustomizerFactory$Customizer@6d24ffa1, [ImportsContextCustomizer@1095f122 key = [com.dodam.hotel.repository.model.FAQ, org.springframework.boot.autoconfigure.cache.CacheAutoConfiguration, org.springframework.boot.autoconfigure.flyway.FlywayAutoConfiguration, org.springframework.boot.autoconfigure.jdbc.DataSourceAutoConfiguration, org.springframework.boot.autoconfigure.jdbc.DataSourceTransactionManagerAutoConfiguration, org.springframework.boot.autoconfigure.jdbc.JdbcTemplateAutoConfiguration, org.springframework.boot.autoconfigure.liquibase.LiquibaseAutoConfiguration, org.springframework.boot.autoconfigure.transaction.TransactionAutoConfiguration, org.springframework.boot.autoconfigure.sql.init.SqlInitializationAutoConfiguration, org.mybatis.spring.boot.autoconfigure.MybatisLanguageDriverAutoConfiguration, org.mybatis.spring.boot.autoconfigure.MybatisAutoConfiguration, org.springframework.boot.test.autoconfigure.jdbc.TestDatabaseAutoConfiguration]], org.springframework.boot.test.context.filter.ExcludeFilterContextCustomizer@1cd201a8, org.springframework.boot.test.json.DuplicateJsonObjectContextCustomizerFactory$DuplicateJsonObjectContextCustomizer@f74e835, org.springframework.boot.test.mock.mockito.MockitoContextCustomizer@0, org.springframework.boot.test.context.SpringBootTestArgs@1, org.springframework.boot.test.context.SpringBootTestWebEnvironment@0], contextLoader = 'org.springframework.boot.test.context.SpringBootContextLoader', parent = [null]], attributes = map[[empty]]], class annotated with @DirtiesContext [false] with mode [null].
14:12:08.061 [Test worker] DEBUG org.springframework.test.context.support.DependencyInjectionTestExecutionListener - Performing dependency injection for test context [[DefaultTestContext@544630b7 testClass = FAQRepositoryTest, testInstance = com.dodam.hotel.repository.FAQRepositoryTest@bc57b40, testMethod = [null], testException = [null], mergedContextConfiguration = [MergedContextConfiguration@64f857e7 testClass = FAQRepositoryTest, locations = '{}', classes = '{class com.dodam.hotel.HotelApplication}', contextInitializerClasses = '[]', activeProfiles = '{}', propertySourceLocations = '{}', propertySourceProperties = '{org.mybatis.spring.boot.test.autoconfigure.MybatisTestContextBootstrapper=true}', contextCustomizers = set[org.springframework.boot.test.autoconfigure.OverrideAutoConfigurationContextCustomizerFactory$DisableAutoConfigurationContextCustomizer@38be305c, org.springframework.boot.test.autoconfigure.actuate.metrics.MetricsExportContextCustomizerFactory$DisableMetricExportContextCustomizer@275fe372, org.springframework.boot.test.autoconfigure.filter.TypeExcludeFiltersContextCustomizer@351584c0, org.springframework.boot.test.autoconfigure.properties.PropertyMappingContextCustomizer@9676fce4, org.springframework.boot.test.autoconfigure.web.servlet.WebDriverContextCustomizerFactory$Customizer@6d24ffa1, [ImportsContextCustomizer@1095f122 key = [com.dodam.hotel.repository.model.FAQ, org.springframework.boot.autoconfigure.cache.CacheAutoConfiguration, org.springframework.boot.autoconfigure.flyway.FlywayAutoConfiguration, org.springframework.boot.autoconfigure.jdbc.DataSourceAutoConfiguration, org.springframework.boot.autoconfigure.jdbc.DataSourceTransactionManagerAutoConfiguration, org.springframework.boot.autoconfigure.jdbc.JdbcTemplateAutoConfiguration, org.springframework.boot.autoconfigure.liquibase.LiquibaseAutoConfiguration, org.springframework.boot.autoconfigure.transaction.TransactionAutoConfiguration, org.springframework.boot.autoconfigure.sql.init.SqlInitializationAutoConfiguration, org.mybatis.spring.boot.autoconfigure.MybatisLanguageDriverAutoConfiguration, org.mybatis.spring.boot.autoconfigure.MybatisAutoConfiguration, org.springframework.boot.test.autoconfigure.jdbc.TestDatabaseAutoConfiguration]], org.springframework.boot.test.context.filter.ExcludeFilterContextCustomizer@1cd201a8, org.springframework.boot.test.json.DuplicateJsonObjectContextCustomizerFactory$DuplicateJsonObjectContextCustomizer@f74e835, org.springframework.boot.test.mock.mockito.MockitoContextCustomizer@0, org.springframework.boot.test.context.SpringBootTestArgs@1, org.springframework.boot.test.context.SpringBootTestWebEnvironment@0], contextLoader = 'org.springframework.boot.test.context.SpringBootContextLoader', parent = [null]], attributes = map['org.springframework.test.context.event.ApplicationEventsTestExecutionListener.recordApplicationEvents' -> false]]].

  .   ____          _            __ _ _
 /\\ / ___'_ __ _ _(_)_ __  __ _ \ \ \ \
( ( )\___ | '_ | '_| | '_ \/ _` | \ \ \ \
 \\/  ___)| |_)| | | | | || (_| |  ) ) ) )
  '  |____| .__|_| |_|_| |_\__, | / / / /
 =========|_|==============|___/=/_/_/_/
 :: Spring Boot ::               (v2.7.11)

2023-05-16 14:12:08.972  INFO 16318 --- [    Test worker] c.d.hotel.repository.FAQRepositoryTest   : Starting FAQRepositoryTest using Java 11.0.11 on ihyeonseoui-MacBookAir.local with PID 16318 (started by ihyeonseo in /Users/ihyeonseo/Documents/hotel)
2023-05-16 14:12:08.976  INFO 16318 --- [    Test worker] c.d.hotel.repository.FAQRepositoryTest   : No active profile set, falling back to 1 default profile: "default"
2023-05-16 14:12:11.455  INFO 16318 --- [    Test worker] c.d.hotel.repository.FAQRepositoryTest   : Started FAQRepositoryTest in 3.333 seconds (JVM running for 5.405)
2023-05-16 14:12:11.501  INFO 16318 --- [    Test worker] com.zaxxer.hikari.HikariDataSource       : HikariPool-1 - Starting...
2023-05-16 14:12:11.701  INFO 16318 --- [    Test worker] com.zaxxer.hikari.HikariDataSource       : HikariPool-1 - Start completed.
2023-05-16 14:12:11.708  INFO 16318 --- [    Test worker] o.s.t.c.transaction.TransactionContext   : Began transaction (1) for test context [DefaultTestContext@544630b7 testClass = FAQRepositoryTest, testInstance = com.dodam.hotel.repository.FAQRepositoryTest@bc57b40, testMethod = testUpdateFAQ@FAQRepositoryTest, testException = [null], mergedContextConfiguration = [MergedContextConfiguration@64f857e7 testClass = FAQRepositoryTest, locations = '{}', classes = '{class com.dodam.hotel.HotelApplication}', contextInitializerClasses = '[]', activeProfiles = '{}', propertySourceLocations = '{}', propertySourceProperties = '{org.mybatis.spring.boot.test.autoconfigure.MybatisTestContextBootstrapper=true}', contextCustomizers = set[org.springframework.boot.test.autoconfigure.OverrideAutoConfigurationContextCustomizerFactory$DisableAutoConfigurationContextCustomizer@38be305c, org.springframework.boot.test.autoconfigure.actuate.metrics.MetricsExportContextCustomizerFactory$DisableMetricExportContextCustomizer@275fe372, org.springframework.boot.test.autoconfigure.filter.TypeExcludeFiltersContextCustomizer@351584c0, org.springframework.boot.test.autoconfigure.properties.PropertyMappingContextCustomizer@9676fce4, org.springframework.boot.test.autoconfigure.web.servlet.WebDriverContextCustomizerFactory$Customizer@6d24ffa1, [ImportsContextCustomizer@1095f122 key = [com.dodam.hotel.repository.model.FAQ, org.springframework.boot.autoconfigure.cache.CacheAutoConfiguration, org.springframework.boot.autoconfigure.flyway.FlywayAutoConfiguration, org.springframework.boot.autoconfigure.jdbc.DataSourceAutoConfiguration, org.springframework.boot.autoconfigure.jdbc.DataSourceTransactionManagerAutoConfiguration, org.springframework.boot.autoconfigure.jdbc.JdbcTemplateAutoConfiguration, org.springframework.boot.autoconfigure.liquibase.LiquibaseAutoConfiguration, org.springframework.boot.autoconfigure.transaction.TransactionAutoConfiguration, org.springframework.boot.autoconfigure.sql.init.SqlInitializationAutoConfiguration, org.mybatis.spring.boot.autoconfigure.MybatisLanguageDriverAutoConfiguration, org.mybatis.spring.boot.autoconfigure.MybatisAutoConfiguration, org.springframework.boot.test.autoconfigure.jdbc.TestDatabaseAutoConfiguration]], org.springframework.boot.test.context.filter.ExcludeFilterContextCustomizer@1cd201a8, org.springframework.boot.test.json.DuplicateJsonObjectContextCustomizerFactory$DuplicateJsonObjectContextCustomizer@f74e835, org.springframework.boot.test.mock.mockito.MockitoContextCustomizer@0, org.springframework.boot.test.context.SpringBootTestArgs@1, org.springframework.boot.test.context.SpringBootTestWebEnvironment@0], contextLoader = 'org.springframework.boot.test.context.SpringBootContextLoader', parent = [null]], attributes = map['org.springframework.test.context.event.ApplicationEventsTestExecutionListener.recordApplicationEvents' -> false]]; transaction manager [org.springframework.jdbc.support.JdbcTransactionManager@388c519]; rollback [true]
2023-05-16 14:12:12.183  INFO 16318 --- [    Test worker] o.s.t.c.transaction.TransactionContext   : Rolled back transaction for test: [DefaultTestContext@544630b7 testClass = FAQRepositoryTest, testInstance = com.dodam.hotel.repository.FAQRepositoryTest@bc57b40, testMethod = testUpdateFAQ@FAQRepositoryTest, testException = [null], mergedContextConfiguration = [MergedContextConfiguration@64f857e7 testClass = FAQRepositoryTest, locations = '{}', classes = '{class com.dodam.hotel.HotelApplication}', contextInitializerClasses = '[]', activeProfiles = '{}', propertySourceLocations = '{}', propertySourceProperties = '{org.mybatis.spring.boot.test.autoconfigure.MybatisTestContextBootstrapper=true}', contextCustomizers = set[org.springframework.boot.test.autoconfigure.OverrideAutoConfigurationContextCustomizerFactory$DisableAutoConfigurationContextCustomizer@38be305c, org.springframework.boot.test.autoconfigure.actuate.metrics.MetricsExportContextCustomizerFactory$DisableMetricExportContextCustomizer@275fe372, org.springframework.boot.test.autoconfigure.filter.TypeExcludeFiltersContextCustomizer@351584c0, org.springframework.boot.test.autoconfigure.properties.PropertyMappingContextCustomizer@9676fce4, org.springframework.boot.test.autoconfigure.web.servlet.WebDriverContextCustomizerFactory$Customizer@6d24ffa1, [ImportsContextCustomizer@1095f122 key = [com.dodam.hotel.repository.model.FAQ, org.springframework.boot.autoconfigure.cache.CacheAutoConfiguration, org.springframework.boot.autoconfigure.flyway.FlywayAutoConfiguration, org.springframework.boot.autoconfigure.jdbc.DataSourceAutoConfiguration, org.springframework.boot.autoconfigure.jdbc.DataSourceTransactionManagerAutoConfiguration, org.springframework.boot.autoconfigure.jdbc.JdbcTemplateAutoConfiguration, org.springframework.boot.autoconfigure.liquibase.LiquibaseAutoConfiguration, org.springframework.boot.autoconfigure.transaction.TransactionAutoConfiguration, org.springframework.boot.autoconfigure.sql.init.SqlInitializationAutoConfiguration, org.mybatis.spring.boot.autoconfigure.MybatisLanguageDriverAutoConfiguration, org.mybatis.spring.boot.autoconfigure.MybatisAutoConfiguration, org.springframework.boot.test.autoconfigure.jdbc.TestDatabaseAutoConfiguration]], org.springframework.boot.test.context.filter.ExcludeFilterContextCustomizer@1cd201a8, org.springframework.boot.test.json.DuplicateJsonObjectContextCustomizerFactory$DuplicateJsonObjectContextCustomizer@f74e835, org.springframework.boot.test.mock.mockito.MockitoContextCustomizer@0, org.springframework.boot.test.context.SpringBootTestArgs@1, org.springframework.boot.test.context.SpringBootTestWebEnvironment@0], contextLoader = 'org.springframework.boot.test.context.SpringBootContextLoader', parent = [null]], attributes = map['org.springframework.test.context.event.ApplicationEventsTestExecutionListener.recordApplicationEvents' -> false]]
]]></system-out>
  <system-err><![CDATA[]]></system-err>
</testsuite>
