<?xml version="1.0" encoding="UTF-8"?>
<testsuite name="com.dodam.hotel.PayRepositoryTest" tests="1" skipped="0" failures="0" errors="0" timestamp="2023-06-01T08:41:44" hostname="ihyeonseoui-MacBookAir.local" time="0.313">
  <properties/>
  <testcase name="PayObjectTest()" classname="com.dodam.hotel.PayRepositoryTest" time="0.313"/>
  <system-out><![CDATA[17:41:34.374 [Test worker] DEBUG org.springframework.test.context.BootstrapUtils - Instantiating CacheAwareContextLoaderDelegate from class [org.springframework.test.context.cache.DefaultCacheAwareContextLoaderDelegate]
17:41:34.385 [Test worker] DEBUG org.springframework.test.context.BootstrapUtils - Instantiating BootstrapContext using constructor [public org.springframework.test.context.support.DefaultBootstrapContext(java.lang.Class,org.springframework.test.context.CacheAwareContextLoaderDelegate)]
17:41:34.439 [Test worker] DEBUG org.springframework.test.context.BootstrapUtils - Instantiating TestContextBootstrapper for test class [com.dodam.hotel.PayRepositoryTest] from class [org.springframework.boot.test.context.SpringBootTestContextBootstrapper]
17:41:34.464 [Test worker] INFO org.springframework.boot.test.context.SpringBootTestContextBootstrapper - Neither @ContextConfiguration nor @ContextHierarchy found for test class [com.dodam.hotel.PayRepositoryTest], using SpringBootContextLoader
17:41:34.472 [Test worker] DEBUG org.springframework.test.context.support.AbstractContextLoader - Did not detect default resource location for test class [com.dodam.hotel.PayRepositoryTest]: class path resource [com/dodam/hotel/PayRepositoryTest-context.xml] does not exist
17:41:34.473 [Test worker] DEBUG org.springframework.test.context.support.AbstractContextLoader - Did not detect default resource location for test class [com.dodam.hotel.PayRepositoryTest]: class path resource [com/dodam/hotel/PayRepositoryTestContext.groovy] does not exist
17:41:34.473 [Test worker] INFO org.springframework.test.context.support.AbstractContextLoader - Could not detect default resource locations for test class [com.dodam.hotel.PayRepositoryTest]: no resource found for suffixes {-context.xml, Context.groovy}.
17:41:34.476 [Test worker] INFO org.springframework.test.context.support.AnnotationConfigContextLoaderUtils - Could not detect default configuration classes for test class [com.dodam.hotel.PayRepositoryTest]: PayRepositoryTest does not declare any static, non-private, non-final, nested classes annotated with @Configuration.
17:41:34.556 [Test worker] DEBUG org.springframework.test.context.support.ActiveProfilesUtils - Could not find an 'annotation declaring class' for annotation type [org.springframework.test.context.ActiveProfiles] and class [com.dodam.hotel.PayRepositoryTest]
17:41:34.670 [Test worker] DEBUG org.springframework.context.annotation.ClassPathScanningCandidateComponentProvider - Identified candidate component class: file [/Users/ihyeonseo/Documents/hotel/build/classes/java/main/com/dodam/hotel/HotelApplication.class]
17:41:34.677 [Test worker] INFO org.springframework.boot.test.context.SpringBootTestContextBootstrapper - Found @SpringBootConfiguration com.dodam.hotel.HotelApplication for test class com.dodam.hotel.PayRepositoryTest
17:41:34.896 [Test worker] DEBUG org.springframework.boot.test.context.SpringBootTestContextBootstrapper - @TestExecutionListeners is not present for class [com.dodam.hotel.PayRepositoryTest]: using defaults.
17:41:34.898 [Test worker] INFO org.springframework.boot.test.context.SpringBootTestContextBootstrapper - Loaded default TestExecutionListener class names from location [META-INF/spring.factories]: [org.springframework.boot.test.autoconfigure.restdocs.RestDocsTestExecutionListener, org.springframework.boot.test.autoconfigure.web.client.MockRestServiceServerResetTestExecutionListener, org.springframework.boot.test.autoconfigure.web.servlet.MockMvcPrintOnlyOnFailureTestExecutionListener, org.springframework.boot.test.autoconfigure.web.servlet.WebDriverTestExecutionListener, org.springframework.boot.test.autoconfigure.webservices.client.MockWebServiceServerTestExecutionListener, org.springframework.boot.test.mock.mockito.MockitoTestExecutionListener, org.springframework.boot.test.mock.mockito.ResetMocksTestExecutionListener, org.springframework.test.context.web.ServletTestExecutionListener, org.springframework.test.context.support.DirtiesContextBeforeModesTestExecutionListener, org.springframework.test.context.event.ApplicationEventsTestExecutionListener, org.springframework.test.context.support.DependencyInjectionTestExecutionListener, org.springframework.test.context.support.DirtiesContextTestExecutionListener, org.springframework.test.context.transaction.TransactionalTestExecutionListener, org.springframework.test.context.jdbc.SqlScriptsTestExecutionListener, org.springframework.test.context.event.EventPublishingTestExecutionListener]
17:41:34.925 [Test worker] INFO org.springframework.boot.test.context.SpringBootTestContextBootstrapper - Using TestExecutionListeners: [org.springframework.test.context.web.ServletTestExecutionListener@632aa1a3, org.springframework.test.context.support.DirtiesContextBeforeModesTestExecutionListener@20765ed5, org.springframework.test.context.event.ApplicationEventsTestExecutionListener@3b582111, org.springframework.boot.test.mock.mockito.MockitoTestExecutionListener@2899a8db, org.springframework.boot.test.autoconfigure.SpringBootDependencyInjectionTestExecutionListener@1e8823d2, org.springframework.test.context.support.DirtiesContextTestExecutionListener@c1a4620, org.springframework.test.context.transaction.TransactionalTestExecutionListener@76b0ae1b, org.springframework.test.context.jdbc.SqlScriptsTestExecutionListener@130a0f66, org.springframework.test.context.event.EventPublishingTestExecutionListener@4c432866, org.springframework.boot.test.autoconfigure.restdocs.RestDocsTestExecutionListener@12365c88, org.springframework.boot.test.autoconfigure.web.client.MockRestServiceServerResetTestExecutionListener@6105f8a3, org.springframework.boot.test.autoconfigure.web.servlet.MockMvcPrintOnlyOnFailureTestExecutionListener@2237bada, org.springframework.boot.test.autoconfigure.web.servlet.WebDriverTestExecutionListener@77e2a6e2, org.springframework.boot.test.autoconfigure.webservices.client.MockWebServiceServerTestExecutionListener@5710768a, org.springframework.boot.test.mock.mockito.ResetMocksTestExecutionListener@199e4c2b]
17:41:34.930 [Test worker] DEBUG org.springframework.test.context.support.AbstractDirtiesContextTestExecutionListener - Before test class: context [DefaultTestContext@6c2d4cc6 testClass = PayRepositoryTest, testInstance = [null], testMethod = [null], testException = [null], mergedContextConfiguration = [WebMergedContextConfiguration@30865a90 testClass = PayRepositoryTest, locations = '{}', classes = '{class com.dodam.hotel.HotelApplication}', contextInitializerClasses = '[]', activeProfiles = '{}', propertySourceLocations = '{}', propertySourceProperties = '{org.springframework.boot.test.context.SpringBootTestContextBootstrapper=true}', contextCustomizers = set[org.springframework.boot.test.autoconfigure.actuate.metrics.MetricsExportContextCustomizerFactory$DisableMetricExportContextCustomizer@2dbe250d, org.springframework.boot.test.autoconfigure.properties.PropertyMappingContextCustomizer@0, org.springframework.boot.test.autoconfigure.web.servlet.WebDriverContextCustomizerFactory$Customizer@6b5894c8, org.springframework.boot.test.context.filter.ExcludeFilterContextCustomizer@5b64c4b7, org.springframework.boot.test.json.DuplicateJsonObjectContextCustomizerFactory$DuplicateJsonObjectContextCustomizer@458342d3, org.springframework.boot.test.mock.mockito.MockitoContextCustomizer@0, org.springframework.boot.test.web.client.TestRestTemplateContextCustomizer@83298d7, org.springframework.boot.test.web.reactive.server.WebTestClientContextCustomizer@6f603e89, org.springframework.boot.test.context.SpringBootTestArgs@1, org.springframework.boot.test.context.SpringBootTestWebEnvironment@2b9ed6da], resourceBasePath = 'src/main/webapp', contextLoader = 'org.springframework.boot.test.context.SpringBootContextLoader', parent = [null]], attributes = map['org.springframework.test.context.web.ServletTestExecutionListener.activateListener' -> true]], class annotated with @DirtiesContext [false] with mode [null].

  .   ____          _            __ _ _
 /\\ / ___'_ __ _ _(_)_ __  __ _ \ \ \ \
( ( )\___ | '_ | '_| | '_ \/ _` | \ \ \ \
 \\/  ___)| |_)| | | | | || (_| |  ) ) ) )
  '  |____| .__|_| |_|_| |_\__, | / / / /
 =========|_|==============|___/=/_/_/_/
 :: Spring Boot ::               (v2.7.11)

2023-06-01 17:41:35.735  INFO 69521 --- [    Test worker] com.dodam.hotel.PayRepositoryTest        : Starting PayRepositoryTest using Java 11.0.11 on ihyeonseoui-MacBookAir.local with PID 69521 (started by ihyeonseo in /Users/ihyeonseo/Documents/hotel)
2023-06-01 17:41:35.741  INFO 69521 --- [    Test worker] com.dodam.hotel.PayRepositoryTest        : No active profile set, falling back to 1 default profile: "default"
2023-06-01 17:41:37.616  INFO 69521 --- [    Test worker] .s.d.r.c.RepositoryConfigurationDelegate : Bootstrapping Spring Data JPA repositories in DEFAULT mode.
2023-06-01 17:41:37.665  INFO 69521 --- [    Test worker] .s.d.r.c.RepositoryConfigurationDelegate : Finished Spring Data repository scanning in 36 ms. Found 0 JPA repository interfaces.
2023-06-01 17:41:39.050  INFO 69521 --- [    Test worker] o.hibernate.jpa.internal.util.LogHelper  : HHH000204: Processing PersistenceUnitInfo [name: default]
2023-06-01 17:41:39.116  INFO 69521 --- [    Test worker] org.hibernate.Version                    : HHH000412: Hibernate ORM core version 5.6.15.Final
2023-06-01 17:41:39.421  INFO 69521 --- [    Test worker] o.hibernate.annotations.common.Version   : HCANN000001: Hibernate Commons Annotations {5.1.2.Final}
2023-06-01 17:41:39.557  INFO 69521 --- [    Test worker] com.zaxxer.hikari.HikariDataSource       : HikariPool-1 - Starting...
2023-06-01 17:41:40.290  INFO 69521 --- [    Test worker] com.zaxxer.hikari.HikariDataSource       : HikariPool-1 - Start completed.
2023-06-01 17:41:40.313  INFO 69521 --- [    Test worker] org.hibernate.dialect.Dialect            : HHH000400: Using dialect: org.hibernate.dialect.MySQL57Dialect
2023-06-01 17:41:40.815  INFO 69521 --- [    Test worker] o.h.e.t.j.p.i.JtaPlatformInitiator       : HHH000490: Using JtaPlatform implementation: [org.hibernate.engine.transaction.jta.platform.internal.NoJtaPlatform]
2023-06-01 17:41:40.832  INFO 69521 --- [    Test worker] j.LocalContainerEntityManagerFactoryBean : Initialized JPA EntityManagerFactory for persistence unit 'default'
2023-06-01 17:41:44.262  INFO 69521 --- [    Test worker] com.dodam.hotel.PayRepositoryTest        : Started PayRepositoryTest in 9.204 seconds (JVM running for 11.725)
40000
]]></system-out>
  <system-err><![CDATA[]]></system-err>
</testsuite>
